<?xml version="1.0" encoding="UTF-8"?>
<!-- Generated by org.testng.reporters.JUnitXMLReporter -->
<testsuite ignored="0" hostname="PL2INPUN2766NB" failures="0" tests="5" name="Test" time="17.312" errors="0" timestamp="2024-09-22T22:16:07 IST">
  <testcase classname="com.Demo.test.LoginPage3" name="GetUserCredential" time="1.663"/>
  <testcase classname="com.Demo.test.LoginPage2" name="GetUserCredential" time="1.12"/>
  <testcase classname="com.Demo.test.LoginPage" name="GetUserCredential" time="1.075"/>
  <testcase classname="com.Demo.test.LoginPage" name="GetUserCredential" time="5.665"/>
  <testcase classname="com.Demo.test.LoginPage" name="GetUserCredential" time="0.539"/>
</testsuite> <!-- Test -->
