<?xml version="1.0" encoding="UTF-8"?>
<!-- Generated by org.testng.reporters.JUnitXMLReporter -->
<testsuite ignored="0" hostname="PL2INPUN2766NB" failures="0" tests="6" name="Test" time="0.883" errors="0" timestamp="2024-09-28T20:37:49 IST">
  <testcase classname="com.Demo.test.BaseTest" name="@BeforeMethod SetUp" time="0.02">
    <failure type="java.lang.NullPointerException" message="Cannot invoke &amp;quot;String.contains(java.lang.CharSequence)&amp;quot; because &amp;quot;browser&amp;quot; is null">
      <![CDATA[java.lang.NullPointerException: Cannot invoke "String.contains(java.lang.CharSequence)" because "browser" is null
at Driver.Driver.initDriver(Driver.java:35)
at com.Demo.test.BaseTest.SetUp(BaseTest.java:23)
at java.base/java.util.concurrent.ThreadPoolExecutor.runWorker(ThreadPoolExecutor.java:1136)
at java.base/java.util.concurrent.ThreadPoolExecutor$Worker.run(ThreadPoolExecutor.java:635)
at java.base/java.lang.Thread.run(Thread.java:840)
... Removed 16 stack frames]]>
    </failure>
  </testcase> <!-- @BeforeMethod SetUp -->
  <testcase classname="com.Demo.test.BaseTest" name="@AfterMethod tearDown" time="0.0">
    <skipped/>
  </testcase> <!-- @AfterMethod tearDown -->
  <testcase classname="com.Demo.test.BaseTest" name="@BeforeMethod SetUp" time="0.001">
    <failure type="java.lang.NullPointerException" message="Cannot invoke &amp;quot;String.contains(java.lang.CharSequence)&amp;quot; because &amp;quot;browser&amp;quot; is null">
      <![CDATA[java.lang.NullPointerException: Cannot invoke "String.contains(java.lang.CharSequence)" because "browser" is null
at Driver.Driver.initDriver(Driver.java:35)
at com.Demo.test.BaseTest.SetUp(BaseTest.java:23)
at java.base/java.util.concurrent.ThreadPoolExecutor.runWorker(ThreadPoolExecutor.java:1136)
at java.base/java.util.concurrent.ThreadPoolExecutor$Worker.run(ThreadPoolExecutor.java:635)
at java.base/java.lang.Thread.run(Thread.java:840)
... Removed 16 stack frames]]>
    </failure>
  </testcase> <!-- @BeforeMethod SetUp -->
  <testcase classname="com.Demo.test.BaseTest" name="@AfterMethod tearDown" time="0.0">
    <skipped/>
  </testcase> <!-- @AfterMethod tearDown -->
  <testcase classname="com.Demo.test.BaseTest" name="@BeforeMethod SetUp" time="0.001">
    <failure type="java.lang.NullPointerException" message="Cannot invoke &amp;quot;String.contains(java.lang.CharSequence)&amp;quot; because &amp;quot;browser&amp;quot; is null">
      <![CDATA[java.lang.NullPointerException: Cannot invoke "String.contains(java.lang.CharSequence)" because "browser" is null
at Driver.Driver.initDriver(Driver.java:35)
at com.Demo.test.BaseTest.SetUp(BaseTest.java:23)
at java.base/java.util.concurrent.ThreadPoolExecutor.runWorker(ThreadPoolExecutor.java:1136)
at java.base/java.util.concurrent.ThreadPoolExecutor$Worker.run(ThreadPoolExecutor.java:635)
at java.base/java.lang.Thread.run(Thread.java:840)
... Removed 16 stack frames]]>
    </failure>
  </testcase> <!-- @BeforeMethod SetUp -->
  <testcase classname="com.Demo.test.BaseTest" name="@AfterMethod tearDown" time="0.0">
    <skipped/>
  </testcase> <!-- @AfterMethod tearDown -->
  <testcase classname="com.Demo.test.BaseTest" name="@BeforeMethod SetUp" time="0.0">
    <skipped/>
  </testcase> <!-- @BeforeMethod SetUp -->
  <testcase classname="com.Demo.test.BaseTest" name="@AfterMethod tearDown" time="0.0">
    <skipped/>
  </testcase> <!-- @AfterMethod tearDown -->
  <testcase classname="com.Demo.test.BaseTest" name="@BeforeMethod SetUp" time="0.0">
    <skipped/>
  </testcase> <!-- @BeforeMethod SetUp -->
  <testcase classname="com.Demo.test.BaseTest" name="@AfterMethod tearDown" time="0.0">
    <skipped/>
  </testcase> <!-- @AfterMethod tearDown -->
  <testcase classname="com.Demo.test.LoginPage3" name="GetUserCredential" time="0.0">
    <skipped/>
  </testcase> <!-- GetUserCredential -->
  <testcase classname="com.Demo.test.LoginPage2" name="GetUserCredential" time="0.0">
    <skipped/>
  </testcase> <!-- GetUserCredential -->
  <testcase classname="com.Demo.test.ReadAndExtract_Zip" name="extractZip" time="0.134"/>
  <testcase classname="com.Demo.test.LoginPage" name="GetUserCredential" time="0.0">
    <skipped/>
  </testcase> <!-- GetUserCredential -->
  <testcase classname="com.Demo.test.LoginPage" name="GetUserCredential" time="0.0">
    <skipped/>
  </testcase> <!-- GetUserCredential -->
  <testcase classname="com.Demo.test.LoginPage" name="GetUserCredential" time="0.0">
    <skipped/>
  </testcase> <!-- GetUserCredential -->
</testsuite> <!-- Test -->
