<?xml version="1.0" encoding="UTF-8"?>
<!-- Generated by org.testng.reporters.JUnitXMLReporter -->
<testsuite ignored="0" hostname="PL2INPUN2766NB" failures="0" tests="6" name="Test" time="22.581" errors="0" timestamp="2024-09-28T20:46:32 IST">
  <testcase classname="com.Demo.test.ReadAndExtract_Zip" name="extractZip" time="0.041"/>
  <testcase classname="com.Demo.test.LoginPage2" name="GetUserCredential" time="2.154"/>
  <testcase classname="com.Demo.test.LoginPage" name="GetUserCredential" time="1.934"/>
  <testcase classname="com.Demo.test.LoginPage3" name="GetUserCredential" time="1.031"/>
  <testcase classname="com.Demo.test.LoginPage" name="GetUserCredential" time="5.747"/>
  <testcase classname="com.Demo.test.LoginPage" name="GetUserCredential" time="0.753"/>
</testsuite> <!-- Test -->
