<?xml version="1.0" encoding="UTF-8"?>
<!-- Generated by org.testng.reporters.JUnitXMLReporter -->
<testsuite ignored="0" hostname="PL2INPUN2766NB" failures="0" tests="6" name="Test" time="17.877" errors="0" timestamp="2024-09-28T20:53:59 IST">
  <testcase classname="com.Demo.test.ReadAndExtract_Zip" name="extractZip" time="0.069"/>
  <testcase classname="com.Demo.test.LoginPage" name="GetUserCredential" time="1.757"/>
  <testcase classname="com.Demo.test.LoginPage3" name="GetUserCredential" time="2.013"/>
  <testcase classname="com.Demo.test.LoginPage2" name="GetUserCredential" time="2.093"/>
  <testcase classname="com.Demo.test.LoginPage" name="GetUserCredential" time="5.759"/>
  <testcase classname="com.Demo.test.LoginPage" name="GetUserCredential" time="0.727"/>
</testsuite> <!-- Test -->
