<?xml version="1.0" encoding="UTF-8"?>
<testng-results ignored="0" total="5" passed="5" failed="0" skipped="0">
  <reporter-output>
  </reporter-output>
  <suite started-at="2024-09-26T19:04:37 IST" name="Suite" finished-at="2024-09-26T19:05:03 IST" duration-ms="26366">
    <groups>
    </groups>
    <test started-at="2024-09-26T19:04:37 IST" name="Test" finished-at="2024-09-26T19:05:03 IST" duration-ms="26366">
      <class name="com.Demo.test.LoginPage3">
        <test-method is-config="true" signature="SetUp()[pri:0, instance:com.Demo.test.LoginPage3@4c1909a3]" started-at="2024-09-26T19:04:37 IST" name="SetUp" finished-at="2024-09-26T19:04:45 IST" duration-ms="8057" status="PASS">
          <reporter-output>
          </reporter-output>
        </test-method> <!-- SetUp -->
        <test-method signature="GetUserCredential()[pri:1, instance:com.Demo.test.LoginPage3@4c1909a3]" started-at="2024-09-26T19:04:45 IST" name="GetUserCredential" finished-at="2024-09-26T19:04:46 IST" duration-ms="782" status="PASS">
          <reporter-output>
          </reporter-output>
        </test-method> <!-- GetUserCredential -->
        <test-method is-config="true" signature="tearDown()[pri:0, instance:com.Demo.test.LoginPage3@4c1909a3]" started-at="2024-09-26T19:04:46 IST" name="tearDown" finished-at="2024-09-26T19:04:46 IST" duration-ms="369" status="PASS">
          <reporter-output>
          </reporter-output>
        </test-method> <!-- tearDown -->
      </class> <!-- com.Demo.test.LoginPage3 -->
      <class name="com.Demo.test.LoginPage2">
        <test-method is-config="true" signature="SetUp()[pri:0, instance:com.Demo.test.LoginPage2@428640fa]" started-at="2024-09-26T19:04:37 IST" name="SetUp" finished-at="2024-09-26T19:04:45 IST" duration-ms="8024" status="PASS">
          <reporter-output>
          </reporter-output>
        </test-method> <!-- SetUp -->
        <test-method signature="GetUserCredential()[pri:1, instance:com.Demo.test.LoginPage2@428640fa]" started-at="2024-09-26T19:04:45 IST" name="GetUserCredential" finished-at="2024-09-26T19:04:46 IST" duration-ms="810" status="PASS">
          <reporter-output>
          </reporter-output>
        </test-method> <!-- GetUserCredential -->
        <test-method is-config="true" signature="tearDown()[pri:0, instance:com.Demo.test.LoginPage2@428640fa]" started-at="2024-09-26T19:04:46 IST" name="tearDown" finished-at="2024-09-26T19:04:46 IST" duration-ms="324" status="PASS">
          <reporter-output>
          </reporter-output>
        </test-method> <!-- tearDown -->
      </class> <!-- com.Demo.test.LoginPage2 -->
      <class name="com.Demo.test.LoginPage">
        <test-method is-config="true" signature="SetUp()[pri:0, instance:com.Demo.test.LoginPage@74751b3]" started-at="2024-09-26T19:04:38 IST" name="SetUp" finished-at="2024-09-26T19:04:45 IST" duration-ms="7269" status="PASS">
          <reporter-output>
          </reporter-output>
        </test-method> <!-- SetUp -->
        <test-method signature="GetUserCredential(java.util.Map)[pri:1, instance:com.Demo.test.LoginPage@74751b3]" started-at="2024-09-26T19:04:45 IST" name="GetUserCredential" data-provider="readExcelData" finished-at="2024-09-26T19:04:46 IST" duration-ms="808" status="PASS">
          <params>
            <param index="0">
              <value>
                <![CDATA[{Passord=secret_sauce, Name=standard_user}]]>
              </value>
            </param>
          </params>
          <reporter-output>
          </reporter-output>
        </test-method> <!-- GetUserCredential -->
        <test-method is-config="true" signature="tearDown()[pri:0, instance:com.Demo.test.LoginPage@74751b3]" started-at="2024-09-26T19:04:46 IST" name="tearDown" finished-at="2024-09-26T19:04:46 IST" duration-ms="173" status="PASS">
          <reporter-output>
          </reporter-output>
        </test-method> <!-- tearDown -->
        <test-method is-config="true" signature="SetUp()[pri:0, instance:com.Demo.test.LoginPage@74751b3]" started-at="2024-09-26T19:04:46 IST" name="SetUp" finished-at="2024-09-26T19:04:49 IST" duration-ms="2735" status="PASS">
          <reporter-output>
          </reporter-output>
        </test-method> <!-- SetUp -->
        <test-method signature="GetUserCredential(java.util.Map)[pri:1, instance:com.Demo.test.LoginPage@74751b3]" started-at="2024-09-26T19:04:49 IST" name="GetUserCredential" data-provider="readExcelData" finished-at="2024-09-26T19:04:54 IST" duration-ms="5556" status="PASS">
          <params>
            <param index="0">
              <value>
                <![CDATA[{Passord=secret_sauce, Name=performance_glitch_user}]]>
              </value>
            </param>
          </params>
          <reporter-output>
          </reporter-output>
        </test-method> <!-- GetUserCredential -->
        <test-method is-config="true" signature="tearDown()[pri:0, instance:com.Demo.test.LoginPage@74751b3]" started-at="2024-09-26T19:04:54 IST" name="tearDown" finished-at="2024-09-26T19:04:54 IST" duration-ms="103" status="PASS">
          <reporter-output>
          </reporter-output>
        </test-method> <!-- tearDown -->
        <test-method is-config="true" signature="SetUp()[pri:0, instance:com.Demo.test.LoginPage@74751b3]" started-at="2024-09-26T19:04:54 IST" name="SetUp" finished-at="2024-09-26T19:05:03 IST" duration-ms="8285" status="PASS">
          <reporter-output>
          </reporter-output>
        </test-method> <!-- SetUp -->
        <test-method signature="GetUserCredential(java.util.Map)[pri:1, instance:com.Demo.test.LoginPage@74751b3]" started-at="2024-09-26T19:05:03 IST" name="GetUserCredential" data-provider="readExcelData" finished-at="2024-09-26T19:05:03 IST" duration-ms="447" status="PASS">
          <params>
            <param index="0">
              <value>
                <![CDATA[{Passord=secret_sauce, Name=visual_user}]]>
              </value>
            </param>
          </params>
          <reporter-output>
          </reporter-output>
        </test-method> <!-- GetUserCredential -->
        <test-method is-config="true" signature="tearDown()[pri:0, instance:com.Demo.test.LoginPage@74751b3]" started-at="2024-09-26T19:05:03 IST" name="tearDown" finished-at="2024-09-26T19:05:03 IST" duration-ms="154" status="PASS">
          <reporter-output>
          </reporter-output>
        </test-method> <!-- tearDown -->
      </class> <!-- com.Demo.test.LoginPage -->
    </test> <!-- Test -->
  </suite> <!-- Suite -->
</testng-results>
