<?xml version="1.0" encoding="UTF-8"?>
<testng-results ignored="0" total="1" passed="1" failed="0" skipped="0">
  <reporter-output>
  </reporter-output>
  <suite started-at="2024-09-26T20:18:13 IST" name="Default suite" finished-at="2024-09-26T20:18:13 IST" duration-ms="99">
    <groups>
    </groups>
    <test started-at="2024-09-26T20:18:13 IST" name="Default test" finished-at="2024-09-26T20:18:13 IST" duration-ms="99">
      <class name="com.Demo.test.ReadAndExtract_Zip">
        <test-method signature="extractZip()[pri:0, instance:com.Demo.test.ReadAndExtract_Zip@6c1a5b54]" started-at="2024-09-26T20:18:13 IST" name="extractZip" finished-at="2024-09-26T20:18:13 IST" duration-ms="59" status="PASS">
          <reporter-output>
          </reporter-output>
        </test-method> <!-- extractZip -->
      </class> <!-- com.Demo.test.ReadAndExtract_Zip -->
    </test> <!-- Default test -->
  </suite> <!-- Default suite -->
</testng-results>
